2026-02-07 23:10:03:103 [32minfo[39m: [32mConnected to MongoDB[39m
2026-02-07 23:10:03:103 [31merror[39m: [31mRedis Client Error:[39m
2026-02-07 23:10:03:103 [31merror[39m: [31mRedis Client Error:[39m
2026-02-07 23:10:03:103 [31merror[39m: [31mRedis Client Error:[39m
2026-02-07 23:10:03:103 [31merror[39m: [31mRedis Client Error:[39m
2026-02-07 23:10:03:103 [31merror[39m: [31mRedis Client Error:[39m
2026-02-07 23:10:03:103 [31merror[39m: [31mRedis Client Error:[39m
2026-02-07 23:10:03:103 [31merror[39m: [31mRedis Client Error:[39m
2026-02-07 23:10:04:104 [31merror[39m: [31mRedis Client Error:[39m
2026-02-07 23:10:04:104 [31merror[39m: [31mRedis Client Error:[39m
2026-02-07 23:10:05:105 [31merror[39m: [31mRedis Client Error:[39m
2026-02-07 23:10:05:105 [31merror[39m: [31mRedis Client Error:[39m
2026-02-07 23:10:06:106 [31merror[39m: [31mRedis Client Error:[39m
2026-02-07 23:10:06:106 [31merror[39m: [31mRedis Client Error:[39m
2026-02-07 23:10:07:107 [31merror[39m: [31mRedis Client Error:[39m
2026-02-07 23:10:07:107 [31merror[39m: [31mRedis Client Error:[39m
2026-02-07 23:10:08:108 [31merror[39m: [31mRedis Client Error:[39m
2026-02-07 23:10:09:109 [31merror[39m: [31mRedis Client Error:[39m
2026-02-07 23:10:10:1010 [31merror[39m: [31mRedis Client Error:[39m
2026-02-07 23:10:10:1010 [31merror[39m: [31mRedis Client Error:[39m
2026-02-07 23:10:11:1011 [31merror[39m: [31mRedis Client Error:[39m
2026-02-07 23:10:12:1012 [31merror[39m: [31mRedis Client Error:[39m
2026-02-07 23:10:13:1013 [31merror[39m: [31mRedis Client Error:[39m
2026-02-07 23:10:14:1014 [31merror[39m: [31mRedis Client Error:[39m
2026-02-07 23:10:15:1015 [31merror[39m: [31mRedis Client Error:[39m
2026-02-07 23:10:16:1016 [31merror[39m: [31mRedis Client Error:[39m
2026-02-07 23:10:17:1017 [31merror[39m: [31mRedis Client Error:[39m
2026-02-07 23:10:18:1018 [31merror[39m: [31mRedis Client Error:[39m
2026-02-07 23:10:19:1019 [31merror[39m: [31mRedis Client Error:[39m
2026-02-07 23:10:20:1020 [31merror[39m: [31mRedis Client Error:[39m
2026-02-07 23:10:21:1021 [31merror[39m: [31mRedis Client Error:[39m
2026-02-07 23:10:22:1022 [31merror[39m: [31mRedis Client Error:[39m
2026-02-07 23:10:23:1023 [33mwarn[39m: [33mMongoose disconnected from MongoDB[39m
2026-02-07 23:14:18:1418 [32minfo[39m: [32mConnected to MongoDB[39m
2026-02-07 23:14:18:1418 [31merror[39m: [31mRedis Client Error:[39m
2026-02-07 23:14:18:1418 [31merror[39m: [31mRedis Client Error:[39m
2026-02-07 23:14:18:1418 [31merror[39m: [31mRedis Client Error:[39m
2026-02-07 23:14:18:1418 [31merror[39m: [31mRedis Client Error:[39m
2026-02-07 23:14:18:1418 [31merror[39m: [31mRedis Client Error:[39m
2026-02-07 23:14:19:1419 [31merror[39m: [31mRedis Client Error:[39m
2026-02-07 23:14:19:1419 [31merror[39m: [31mRedis Client Error:[39m
2026-02-07 23:14:19:1419 [31merror[39m: [31mRedis Client Error:[39m
2026-02-07 23:14:20:1420 [31merror[39m: [31mRedis Client Error:[39m
2026-02-07 23:14:20:1420 [31merror[39m: [31mRedis Client Error:[39m
2026-02-07 23:14:20:1420 [31merror[39m: [31mRedis Client Error:[39m
2026-02-07 23:14:21:1421 [31merror[39m: [31mRedis Client Error:[39m
2026-02-07 23:14:22:1422 [31merror[39m: [31mRedis Client Error:[39m
2026-02-07 23:14:22:1422 [31merror[39m: [31mRedis Client Error:[39m
2026-02-07 23:14:23:1423 [31merror[39m: [31mRedis Client Error:[39m
2026-02-07 23:14:24:1424 [31merror[39m: [31mRedis Client Error:[39m
2026-02-07 23:14:24:1424 [31merror[39m: [31mRedis Client Error:[39m
2026-02-07 23:14:25:1425 [31merror[39m: [31mRedis Client Error:[39m
2026-02-07 23:14:26:1426 [31merror[39m: [31mRedis Client Error:[39m
2026-02-07 23:14:27:1427 [31merror[39m: [31mRedis Client Error:[39m
2026-02-07 23:14:28:1428 [31merror[39m: [31mRedis Client Error:[39m
2026-02-07 23:14:29:1429 [31merror[39m: [31mRedis Client Error:[39m
2026-02-07 23:14:30:1430 [31merror[39m: [31mRedis Client Error:[39m
2026-02-07 23:14:31:1431 [31merror[39m: [31mRedis Client Error:[39m
2026-02-07 23:14:32:1432 [31merror[39m: [31mRedis Client Error:[39m
2026-02-07 23:14:33:1433 [31merror[39m: [31mRedis Client Error:[39m
2026-02-07 23:14:34:1434 [31merror[39m: [31mRedis Client Error:[39m
2026-02-07 23:14:35:1435 [31merror[39m: [31mRedis Client Error:[39m
2026-02-07 23:14:36:1436 [31merror[39m: [31mRedis Client Error:[39m
2026-02-07 23:14:37:1437 [31merror[39m: [31mRedis Client Error:[39m
2026-02-07 23:14:38:1438 [31merror[39m: [31mRedis Client Error:[39m
2026-02-07 23:14:39:1439 [31merror[39m: [31mRedis Client Error:[39m
2026-02-07 23:14:40:1440 [31merror[39m: [31mRedis Client Error:[39m
2026-02-07 23:14:41:1441 [31merror[39m: [31mRedis Client Error:[39m
2026-02-07 23:14:42:1442 [31merror[39m: [31mRedis Client Error:[39m
2026-02-07 23:14:43:1443 [31merror[39m: [31mRedis Client Error:[39m
2026-02-07 23:14:44:1444 [31merror[39m: [31mRedis Client Error:[39m
2026-02-07 23:14:45:1445 [31merror[39m: [31mRedis Client Error:[39m
2026-02-07 23:14:46:1446 [31merror[39m: [31mRedis Client Error:[39m
2026-02-07 23:14:47:1447 [31merror[39m: [31mRedis Client Error:[39m
2026-02-07 23:14:48:1448 [31merror[39m: [31mRedis Client Error:[39m
2026-02-07 23:14:49:1449 [31merror[39m: [31mRedis Client Error:[39m
2026-02-07 23:14:50:1450 [31merror[39m: [31mRedis Client Error:[39m
2026-02-07 23:14:51:1451 [31merror[39m: [31mRedis Client Error:[39m
2026-02-07 23:14:52:1452 [31merror[39m: [31mRedis Client Error:[39m
2026-02-07 23:14:52:1452 [33mwarn[39m: [33mMongoose disconnected from MongoDB[39m
2026-02-07 23:19:39:1939 [32minfo[39m: [32mConnected to MongoDB[39m
2026-02-08 00:01:30:130 [32minfo[39m: [32mConnected to MongoDB[39m
2026-02-08 00:01:30:130 [32minfo[39m: [32mServer running on port 5000 in development mode[39m
2026-02-08 00:01:30:130 [31merror[39m: [31mRedis Client Error:[39m
2026-02-08 00:01:30:130 [31merror[39m: [31mRedis Client Error:[39m
2026-02-08 00:01:30:130 [31merror[39m: [31mRedis Client Error:[39m
2026-02-08 00:01:31:131 [31merror[39m: [31mRedis Client Error:[39m
2026-02-08 00:01:33:133 [31merror[39m: [31mRedis Client Error:[39m
2026-02-08 00:01:35:135 [31merror[39m: [31mRedis Client Error:[39m
2026-02-08 00:01:38:138 [31merror[39m: [31mRedis Client Error:[39m
2026-02-08 00:01:41:141 [31merror[39m: [31mRedis Client Error:[39m
2026-02-08 00:01:44:144 [31merror[39m: [31mRedis Client Error:[39m
2026-02-08 00:01:48:148 [31merror[39m: [31mRedis Client Error:[39m
2026-02-08 00:01:49:149 [33mwarn[39m: [33mMongoose disconnected from MongoDB[39m
2026-02-08 00:11:25:1125 [32minfo[39m: [32mConnected to MongoDB[39m
2026-02-08 00:11:25:1125 [32minfo[39m: [32mServer running on port 5000 in development mode[39m
2026-02-08 00:11:25:1125 [31merror[39m: [31mRedis Client Error:[39m
2026-02-08 00:11:25:1125 [31merror[39m: [31mRedis Client Error:[39m
2026-02-08 00:11:25:1125 [32minfo[39m: [32m::1 - - [07/Feb/2026:23:11:25 +0000] "GET /api/v1 HTTP/1.1" 404 45 "-" "Mozilla/5.0 (Windows NT 10.0; Win64; x64) AppleWebKit/537.36 (KHTML, like Gecko) Chrome/144.0.0.0 Safari/537.36"[39m
2026-02-08 00:11:26:1126 [31merror[39m: [31mRedis Client Error:[39m
2026-02-08 00:11:26:1126 [32minfo[39m: [32m::1 - - [07/Feb/2026:23:11:26 +0000] "GET /favicon.ico HTTP/1.1" 404 45 "-" "Mozilla/5.0 (Windows NT 10.0; Win64; x64) AppleWebKit/537.36 (KHTML, like Gecko) Chrome/144.0.0.0 Safari/537.36"[39m
2026-02-08 00:11:27:1127 [31merror[39m: [31mRedis Client Error:[39m
2026-02-08 00:11:28:1128 [31merror[39m: [31mRedis Client Error:[39m
2026-02-08 00:11:30:1130 [31merror[39m: [31mRedis Client Error:[39m
2026-02-08 00:11:33:1133 [31merror[39m: [31mRedis Client Error:[39m
2026-02-08 00:11:36:1136 [31merror[39m: [31mRedis Client Error:[39m
2026-02-08 00:11:39:1139 [31merror[39m: [31mRedis Client Error:[39m
2026-02-08 00:11:43:1143 [31merror[39m: [31mRedis Client Error:[39m
2026-02-08 00:11:48:1148 [31merror[39m: [31mRedis Client Error:[39m
2026-02-08 00:11:53:1153 [31merror[39m: [31mRedis Client Error:[39m
2026-02-08 00:11:53:1153 [33mwarn[39m: [33mRedis connection failed. Some features may be limited.[39m
2026-02-08 00:11:54:1154 [32minfo[39m: [32m::ffff:127.0.0.1 - - [07/Feb/2026:23:11:54 +0000] "GET / HTTP/1.1" 404 45 "-" "Mozilla/5.0 (Windows NT 10.0; Win64; x64) AppleWebKit/537.36 (KHTML, like Gecko) Chrome/144.0.0.0 Safari/537.36"[39m
2026-02-08 00:11:58:1158 [32minfo[39m: [32m::ffff:127.0.0.1 - - [07/Feb/2026:23:11:58 +0000] "GET / HTTP/1.1" 404 45 "-" "Mozilla/5.0 (Windows NT 10.0; Win64; x64) AppleWebKit/537.36 (KHTML, like Gecko) Chrome/144.0.0.0 Safari/537.36"[39m
2026-02-08 00:12:01:121 [32minfo[39m: [32m::ffff:127.0.0.1 - - [07/Feb/2026:23:12:01 +0000] "GET / HTTP/1.1" 404 45 "-" "Mozilla/5.0 (Windows NT 10.0; Win64; x64) AppleWebKit/537.36 (KHTML, like Gecko) Chrome/144.0.0.0 Safari/537.36"[39m
2026-02-08 00:19:37:1937 [32minfo[39m: [32m::1 - - [07/Feb/2026:23:19:37 +0000] "GET /api/v1 HTTP/1.1" 404 45 "-" "Mozilla/5.0 (Windows NT 10.0; Win64; x64) AppleWebKit/537.36 (KHTML, like Gecko) Chrome/144.0.0.0 Safari/537.36"[39m
2026-02-08 00:19:38:1938 [32minfo[39m: [32m::1 - - [07/Feb/2026:23:19:38 +0000] "GET /api/v1 HTTP/1.1" 404 45 "-" "Mozilla/5.0 (Windows NT 10.0; Win64; x64) AppleWebKit/537.36 (KHTML, like Gecko) Chrome/144.0.0.0 Safari/537.36"[39m
2026-02-08 00:19:39:1939 [32minfo[39m: [32m::1 - - [07/Feb/2026:23:19:39 +0000] "GET /api/v1 HTTP/1.1" 404 45 "-" "Mozilla/5.0 (Windows NT 10.0; Win64; x64) AppleWebKit/537.36 (KHTML, like Gecko) Chrome/144.0.0.0 Safari/537.36"[39m
2026-02-08 00:26:38:2638 [32minfo[39m: [32mConnected to MongoDB[39m
2026-02-08 00:26:38:2638 [32minfo[39m: [32mServer running on port 5000 in development mode[39m
2026-02-08 00:26:38:2638 [31merror[39m: [31mRedis Client Error:[39m
2026-02-08 00:26:38:2638 [31merror[39m: [31mRedis Client Error:[39m
2026-02-08 00:26:38:2638 [31merror[39m: [31mRedis Client Error:[39m
2026-02-08 00:26:39:2639 [31merror[39m: [31mRedis Client Error:[39m
2026-02-08 00:26:41:2641 [31merror[39m: [31mRedis Client Error:[39m
2026-02-08 00:26:43:2643 [31merror[39m: [31mRedis Client Error:[39m
2026-02-08 00:26:45:2645 [31merror[39m: [31mRedis Client Error:[39m
2026-02-08 00:26:48:2648 [31merror[39m: [31mRedis Client Error:[39m
2026-02-08 00:26:52:2652 [31merror[39m: [31mRedis Client Error:[39m
2026-02-08 00:26:56:2656 [31merror[39m: [31mRedis Client Error:[39m
2026-02-08 00:27:00:270 [31merror[39m: [31mRedis Client Error:[39m
2026-02-08 00:27:05:275 [31merror[39m: [31mRedis Client Error:[39m
2026-02-08 00:27:05:275 [31merror[39m: [31mRedis connection failed:[39m
2026-02-08 00:33:54:3354 [33mwarn[39m: [33mMongoose disconnected from MongoDB[39m
2026-02-08 00:34:04:344 [32minfo[39m: [32mConnected to MongoDB[39m
2026-02-08 00:34:04:344 [32minfo[39m: [32mRedis URL not provided, skipping Redis connection (dev mode)[39m
2026-02-08 00:34:04:344 [32minfo[39m: [32mServer running on port 5000 in development mode[39m
2026-02-08 00:37:17:3717 [32minfo[39m: [32mConnected to MongoDB[39m
2026-02-08 00:37:17:3717 [32minfo[39m: [32mRedis URL not provided, skipping Redis connection (dev mode)[39m
2026-02-08 00:37:17:3717 [32minfo[39m: [32mServer running on port 5000 in development mode[39m
2026-02-08 00:37:25:3725 [32minfo[39m: [32mConnected to MongoDB[39m
2026-02-08 00:37:25:3725 [32minfo[39m: [32mRedis URL not provided, skipping Redis connection (dev mode)[39m
2026-02-08 00:37:25:3725 [32minfo[39m: [32mServer running on port 5000 in development mode[39m
2026-02-08 00:39:10:3910 [32minfo[39m: [32m::1 - - [07/Feb/2026:23:39:10 +0000] "POST /api/v1/auth/register HTTP/1.1" 500 490 "http://localhost:5173/" "Mozilla/5.0 (Windows NT 10.0; Win64; x64) AppleWebKit/537.36 (KHTML, like Gecko) Chrome/144.0.0.0 Safari/537.36"[39m
2026-02-08 00:39:24:3924 [32minfo[39m: [32m::1 - - [07/Feb/2026:23:39:24 +0000] "POST /api/v1/auth/register HTTP/1.1" 500 490 "http://localhost:5173/" "Mozilla/5.0 (Windows NT 10.0; Win64; x64) AppleWebKit/537.36 (KHTML, like Gecko) Chrome/144.0.0.0 Safari/537.36"[39m
2026-02-08 00:42:52:4252 [32minfo[39m: [32mConnected to MongoDB[39m
2026-02-08 00:42:52:4252 [32minfo[39m: [32mRedis URL not provided, skipping Redis connection (dev mode)[39m
2026-02-08 00:42:52:4252 [32minfo[39m: [32mServer running on port 5000 in development mode[39m
2026-02-08 00:43:42:4342 [32minfo[39m: [32m::1 - - [07/Feb/2026:23:43:42 +0000] "POST /api/v1/auth/register HTTP/1.1" 500 596 "http://localhost:5173/" "Mozilla/5.0 (Windows NT 10.0; Win64; x64) AppleWebKit/537.36 (KHTML, like Gecko) Chrome/144.0.0.0 Safari/537.36"[39m
2026-02-08 00:44:00:440 [32minfo[39m: [32m::1 - - [07/Feb/2026:23:44:00 +0000] "POST /api/v1/auth/register HTTP/1.1" 500 462 "http://localhost:5173/" "Mozilla/5.0 (Windows NT 10.0; Win64; x64) AppleWebKit/537.36 (KHTML, like Gecko) Chrome/144.0.0.0 Safari/537.36"[39m
2026-02-08 00:44:36:4436 [32minfo[39m: [32m::1 - - [07/Feb/2026:23:44:36 +0000] "POST /api/v1/auth/register HTTP/1.1" 500 462 "http://localhost:5173/" "Mozilla/5.0 (Windows NT 10.0; Win64; x64) AppleWebKit/537.36 (KHTML, like Gecko) Chrome/144.0.0.0 Safari/537.36"[39m
2026-02-08 00:47:55:4755 [32minfo[39m: [32mConnected to MongoDB[39m
2026-02-08 00:47:55:4755 [32minfo[39m: [32mRedis URL not provided, skipping Redis connection (dev mode)[39m
2026-02-08 00:47:55:4755 [32minfo[39m: [32mServer running on port 5000 in development mode[39m
2026-02-08 00:48:11:4811 [32minfo[39m: [32mConnected to MongoDB[39m
2026-02-08 00:48:11:4811 [32minfo[39m: [32mRedis URL not provided, skipping Redis connection (dev mode)[39m
2026-02-08 00:48:11:4811 [32minfo[39m: [32mServer running on port 5000 in development mode[39m
2026-02-08 00:48:45:4845 [33mwarn[39m: [33mMongoose disconnected from MongoDB[39m
2026-02-08 00:49:45:4945 [32minfo[39m: [32mConnected to MongoDB[39m
2026-02-08 00:49:45:4945 [32minfo[39m: [32mRedis URL not provided, skipping Redis connection (dev mode)[39m
2026-02-08 00:49:45:4945 [32minfo[39m: [32mServer running on port 5000 in development mode[39m
2026-02-08 00:51:37:5137 [32minfo[39m: [32m::1 - - [07/Feb/2026:23:51:37 +0000] "POST /api/v1/auth/register HTTP/1.1" 500 462 "http://localhost:5173/" "Mozilla/5.0 (Windows NT 10.0; Win64; x64) AppleWebKit/537.36 (KHTML, like Gecko) Chrome/144.0.0.0 Safari/537.36"[39m
2026-02-08 00:52:14:5214 [32minfo[39m: [32m::1 - - [07/Feb/2026:23:52:14 +0000] "POST /api/v1/auth/register HTTP/1.1" 500 462 "http://localhost:5173/" "Mozilla/5.0 (Windows NT 10.0; Win64; x64) AppleWebKit/537.36 (KHTML, like Gecko) Chrome/144.0.0.0 Safari/537.36"[39m
2026-02-08 00:55:46:5546 [32minfo[39m: [32mConnected to MongoDB[39m
2026-02-08 00:55:46:5546 [32minfo[39m: [32mRedis URL not provided, skipping Redis connection (dev mode)[39m
2026-02-08 00:55:46:5546 [32minfo[39m: [32mServer running on port 5000 in development mode[39m
2026-02-08 00:57:31:5731 [33mwarn[39m: [33mMongoose disconnected from MongoDB[39m
2026-02-08 00:57:59:5759 [32minfo[39m: [32mConnected to MongoDB[39m
2026-02-08 00:57:59:5759 [32minfo[39m: [32mRedis URL not provided, skipping Redis connection (dev mode)[39m
2026-02-08 00:57:59:5759 [32minfo[39m: [32mServer running on port 5000 in development mode[39m
2026-02-08 00:58:03:583 [32minfo[39m: [32m::1 - - [07/Feb/2026:23:58:03 +0000] "GET /api/v1/auth/nonce HTTP/1.1" 200 29 "http://localhost:5173/" "Mozilla/5.0 (Windows NT 10.0; Win64; x64) AppleWebKit/537.36 (KHTML, like Gecko) Chrome/144.0.0.0 Safari/537.36"[39m
2026-02-08 00:58:09:589 [32minfo[39m: [32m::1 - - [07/Feb/2026:23:58:09 +0000] "POST /api/v1/auth/verify-wallet HTTP/1.1" 400 - "http://localhost:5173/" "Mozilla/5.0 (Windows NT 10.0; Win64; x64) AppleWebKit/537.36 (KHTML, like Gecko) Chrome/144.0.0.0 Safari/537.36"[39m
2026-02-08 00:59:05:595 [32minfo[39m: [32m::1 - - [07/Feb/2026:23:59:05 +0000] "POST /api/v1/auth/register HTTP/1.1" 500 596 "http://localhost:5173/" "Mozilla/5.0 (Windows NT 10.0; Win64; x64) AppleWebKit/537.36 (KHTML, like Gecko) Chrome/144.0.0.0 Safari/537.36"[39m
2026-02-08 00:59:23:5923 [32minfo[39m: [32m::1 - - [07/Feb/2026:23:59:23 +0000] "POST /api/v1/auth/register HTTP/1.1" 500 648 "http://localhost:5173/" "Mozilla/5.0 (Windows NT 10.0; Win64; x64) AppleWebKit/537.36 (KHTML, like Gecko) Chrome/144.0.0.0 Safari/537.36"[39m
2026-02-08 01:00:32:032 [32minfo[39m: [32m::1 - - [08/Feb/2026:00:00:32 +0000] "POST /api/v1/auth/login HTTP/1.1" 500 474 "http://localhost:5173/" "Mozilla/5.0 (Windows NT 10.0; Win64; x64) AppleWebKit/537.36 (KHTML, like Gecko) Chrome/144.0.0.0 Safari/537.36"[39m
2026-02-12 14:16:19:1619 [32minfo[39m: [32mConnected to MongoDB[39m
2026-02-12 14:16:19:1619 [32minfo[39m: [32mRedis URL not provided, skipping Redis connection (dev mode)[39m
2026-02-12 14:16:19:1619 [32minfo[39m: [32mServer running on port 5000 in development mode[39m
2026-02-12 14:28:29:2829 [32minfo[39m: [32mConnected to MongoDB[39m
2026-02-12 14:28:29:2829 [32minfo[39m: [32mRedis URL not provided, skipping Redis connection (dev mode)[39m
2026-02-12 14:28:29:2829 [32minfo[39m: [32mServer running on port 5000 in development mode[39m
2026-02-12 14:33:17:3317 [32minfo[39m: [32mConnected to MongoDB[39m
2026-02-12 14:33:17:3317 [32minfo[39m: [32mRedis URL not provided, skipping Redis connection (dev mode)[39m
2026-02-12 14:33:17:3317 [32minfo[39m: [32mServer running on port 5000 in development mode[39m
2026-02-12 14:46:11:4611 [32minfo[39m: [32mConnected to MongoDB[39m
2026-02-12 14:46:11:4611 [32minfo[39m: [32mRedis URL not provided, skipping Redis connection (dev mode)[39m
2026-02-12 14:46:11:4611 [32minfo[39m: [32mServer running on port 5000 in development mode[39m
2026-02-12 14:46:43:4643 [32minfo[39m: [32m::1 - - [12/Feb/2026:13:46:43 +0000] "POST /api/v1/auth/register HTTP/1.1" 400 574 "http://localhost:5174/" "Mozilla/5.0 (Windows NT 10.0; Win64; x64) AppleWebKit/537.36 (KHTML, like Gecko) Chrome/144.0.0.0 Safari/537.36"[39m
2026-02-12 14:47:17:4717 [32minfo[39m: [32m::1 - - [12/Feb/2026:13:47:17 +0000] "POST /api/v1/auth/register HTTP/1.1" 500 462 "http://localhost:5174/" "Mozilla/5.0 (Windows NT 10.0; Win64; x64) AppleWebKit/537.36 (KHTML, like Gecko) Chrome/144.0.0.0 Safari/537.36"[39m
2026-02-12 14:47:29:4729 [32minfo[39m: [32m::1 - - [12/Feb/2026:13:47:29 +0000] "POST /api/v1/auth/register HTTP/1.1" 500 462 "http://localhost:5174/" "Mozilla/5.0 (Windows NT 10.0; Win64; x64) AppleWebKit/537.36 (KHTML, like Gecko) Chrome/144.0.0.0 Safari/537.36"[39m
2026-02-12 14:54:36:5436 [32minfo[39m: [32mConnected to MongoDB[39m
2026-02-12 14:54:36:5436 [32minfo[39m: [32mRedis URL not provided, skipping Redis connection (dev mode)[39m
2026-02-12 14:54:36:5436 [32minfo[39m: [32mServer running on port 5000 in development mode[39m
2026-02-12 14:57:00:570 [32minfo[39m: [32m::1 - - [12/Feb/2026:13:57:00 +0000] "POST /api/v1/auth/register HTTP/1.1" 500 562 "http://localhost:5174/" "Mozilla/5.0 (Windows NT 10.0; Win64; x64) AppleWebKit/537.36 (KHTML, like Gecko) Chrome/144.0.0.0 Safari/537.36"[39m
2026-02-12 14:57:29:5729 [32minfo[39m: [32m::1 - - [12/Feb/2026:13:57:29 +0000] "POST /api/v1/auth/register HTTP/1.1" 500 562 "http://localhost:5174/" "Mozilla/5.0 (Windows NT 10.0; Win64; x64) AppleWebKit/537.36 (KHTML, like Gecko) Chrome/144.0.0.0 Safari/537.36"[39m
2026-02-12 15:00:08:08 [33mwarn[39m: [33mMongoose disconnected from MongoDB[39m
2026-02-12 15:08:38:838 [32minfo[39m: [32mConnected to MongoDB[39m
2026-02-12 15:08:38:838 [32minfo[39m: [32mRedis URL not provided, skipping Redis connection (dev mode)[39m
2026-02-12 15:08:38:838 [32minfo[39m: [32mServer running on port 5000 in development mode[39m
2026-02-12 15:09:04:94 [32minfo[39m: [32m::1 - - [12/Feb/2026:14:09:04 +0000] "POST /api/v1/auth/register HTTP/1.1" 500 648 "http://localhost:5174/" "Mozilla/5.0 (Windows NT 10.0; Win64; x64) AppleWebKit/537.36 (KHTML, like Gecko) Chrome/144.0.0.0 Safari/537.36"[39m
2026-02-12 15:09:23:923 [32minfo[39m: [32m::1 - - [12/Feb/2026:14:09:23 +0000] "POST /api/v1/auth/register HTTP/1.1" 400 574 "http://localhost:5174/" "Mozilla/5.0 (Windows NT 10.0; Win64; x64) AppleWebKit/537.36 (KHTML, like Gecko) Chrome/144.0.0.0 Safari/537.36"[39m
2026-02-12 15:09:37:937 [32minfo[39m: [32m::1 - - [12/Feb/2026:14:09:37 +0000] "POST /api/v1/auth/register HTTP/1.1" 400 574 "http://localhost:5174/" "Mozilla/5.0 (Windows NT 10.0; Win64; x64) AppleWebKit/537.36 (KHTML, like Gecko) Chrome/144.0.0.0 Safari/537.36"[39m
2026-02-12 15:09:49:949 [32minfo[39m: [32m::1 - - [12/Feb/2026:14:09:49 +0000] "POST /api/v1/auth/register HTTP/1.1" 500 648 "http://localhost:5174/" "Mozilla/5.0 (Windows NT 10.0; Win64; x64) AppleWebKit/537.36 (KHTML, like Gecko) Chrome/144.0.0.0 Safari/537.36"[39m
2026-02-12 15:18:45:1845 [32minfo[39m: [32mConnected to MongoDB[39m
2026-02-12 15:18:45:1845 [32minfo[39m: [32mRedis URL not provided, skipping Redis connection (dev mode)[39m
2026-02-12 15:18:45:1845 [32minfo[39m: [32mServer running on port 5000 in development mode[39m
2026-02-12 15:19:24:1924 [32minfo[39m: [32m::1 - - [12/Feb/2026:14:19:24 +0000] "POST /api/v1/auth/register HTTP/1.1" 400 574 "http://localhost:5174/" "Mozilla/5.0 (Windows NT 10.0; Win64; x64) AppleWebKit/537.36 (KHTML, like Gecko) Chrome/144.0.0.0 Safari/537.36"[39m
2026-02-12 15:19:48:1948 [32minfo[39m: [32mSending welcome email to hholla@gmail.com (ho4oll)[39m
2026-02-12 15:19:48:1948 [32minfo[39m: [32m::1 - - [12/Feb/2026:14:19:48 +0000] "POST /api/v1/auth/register HTTP/1.1" 201 - "http://localhost:5174/" "Mozilla/5.0 (Windows NT 10.0; Win64; x64) AppleWebKit/537.36 (KHTML, like Gecko) Chrome/144.0.0.0 Safari/537.36"[39m
2026-02-12 15:27:26:2726 [32minfo[39m: [32m::1 - - [12/Feb/2026:14:27:26 +0000] "POST /api/v1/auth/login HTTP/1.1" 200 - "http://localhost:5174/" "Mozilla/5.0 (Windows NT 10.0; Win64; x64) AppleWebKit/537.36 (KHTML, like Gecko) Chrome/144.0.0.0 Safari/537.36"[39m
2026-02-12 15:27:52:2752 [32minfo[39m: [32m::1 - - [12/Feb/2026:14:27:52 +0000] "POST /api/v1/auth/login HTTP/1.1" 200 - "http://localhost:5174/" "Mozilla/5.0 (Windows NT 10.0; Win64; x64) AppleWebKit/537.36 (KHTML, like Gecko) Chrome/144.0.0.0 Safari/537.36"[39m
2026-02-12 15:36:52:3652 [33mwarn[39m: [33mMongoose disconnected from MongoDB[39m
2026-02-12 15:37:04:374 [32minfo[39m: [32mMongoose connected to MongoDB[39m
2026-02-12 16:08:00:80 [33mwarn[39m: [33mMongoose disconnected from MongoDB[39m
2026-02-12 16:08:00:80 [32minfo[39m: [32mMongoose connected to MongoDB[39m
2026-02-12 16:26:12:2612 [32minfo[39m: [32mConnected to MongoDB[39m
2026-02-12 16:26:12:2612 [32minfo[39m: [32mRedis URL not provided, skipping Redis connection (dev mode)[39m
2026-02-12 16:26:12:2612 [32minfo[39m: [32mServer running on port 5000 in development mode[39m
2026-02-12 16:27:48:2748 [32minfo[39m: [32mConnected to MongoDB[39m
2026-02-12 16:27:48:2748 [32minfo[39m: [32mRedis URL not provided, skipping Redis connection (dev mode)[39m
2026-02-12 16:27:48:2748 [32minfo[39m: [32mServer running on port 5000 in development mode[39m
