2026-02-07 23:10:03:103 [31merror[39m: [31mRedis Client Error:[39m
2026-02-07 23:10:03:103 [31merror[39m: [31mRedis Client Error:[39m
2026-02-07 23:10:03:103 [31merror[39m: [31mRedis Client Error:[39m
2026-02-07 23:10:03:103 [31merror[39m: [31mRedis Client Error:[39m
2026-02-07 23:10:03:103 [31merror[39m: [31mRedis Client Error:[39m
2026-02-07 23:10:03:103 [31merror[39m: [31mRedis Client Error:[39m
2026-02-07 23:10:03:103 [31merror[39m: [31mRedis Client Error:[39m
2026-02-07 23:10:04:104 [31merror[39m: [31mRedis Client Error:[39m
2026-02-07 23:10:04:104 [31merror[39m: [31mRedis Client Error:[39m
2026-02-07 23:10:05:105 [31merror[39m: [31mRedis Client Error:[39m
2026-02-07 23:10:05:105 [31merror[39m: [31mRedis Client Error:[39m
2026-02-07 23:10:06:106 [31merror[39m: [31mRedis Client Error:[39m
2026-02-07 23:10:06:106 [31merror[39m: [31mRedis Client Error:[39m
2026-02-07 23:10:07:107 [31merror[39m: [31mRedis Client Error:[39m
2026-02-07 23:10:07:107 [31merror[39m: [31mRedis Client Error:[39m
2026-02-07 23:10:08:108 [31merror[39m: [31mRedis Client Error:[39m
2026-02-07 23:10:09:109 [31merror[39m: [31mRedis Client Error:[39m
2026-02-07 23:10:10:1010 [31merror[39m: [31mRedis Client Error:[39m
2026-02-07 23:10:10:1010 [31merror[39m: [31mRedis Client Error:[39m
2026-02-07 23:10:11:1011 [31merror[39m: [31mRedis Client Error:[39m
2026-02-07 23:10:12:1012 [31merror[39m: [31mRedis Client Error:[39m
2026-02-07 23:10:13:1013 [31merror[39m: [31mRedis Client Error:[39m
2026-02-07 23:10:14:1014 [31merror[39m: [31mRedis Client Error:[39m
2026-02-07 23:10:15:1015 [31merror[39m: [31mRedis Client Error:[39m
2026-02-07 23:10:16:1016 [31merror[39m: [31mRedis Client Error:[39m
2026-02-07 23:10:17:1017 [31merror[39m: [31mRedis Client Error:[39m
2026-02-07 23:10:18:1018 [31merror[39m: [31mRedis Client Error:[39m
2026-02-07 23:10:19:1019 [31merror[39m: [31mRedis Client Error:[39m
2026-02-07 23:10:20:1020 [31merror[39m: [31mRedis Client Error:[39m
2026-02-07 23:10:21:1021 [31merror[39m: [31mRedis Client Error:[39m
2026-02-07 23:10:22:1022 [31merror[39m: [31mRedis Client Error:[39m
2026-02-07 23:14:18:1418 [31merror[39m: [31mRedis Client Error:[39m
2026-02-07 23:14:18:1418 [31merror[39m: [31mRedis Client Error:[39m
2026-02-07 23:14:18:1418 [31merror[39m: [31mRedis Client Error:[39m
2026-02-07 23:14:18:1418 [31merror[39m: [31mRedis Client Error:[39m
2026-02-07 23:14:18:1418 [31merror[39m: [31mRedis Client Error:[39m
2026-02-07 23:14:19:1419 [31merror[39m: [31mRedis Client Error:[39m
2026-02-07 23:14:19:1419 [31merror[39m: [31mRedis Client Error:[39m
2026-02-07 23:14:19:1419 [31merror[39m: [31mRedis Client Error:[39m
2026-02-07 23:14:20:1420 [31merror[39m: [31mRedis Client Error:[39m
2026-02-07 23:14:20:1420 [31merror[39m: [31mRedis Client Error:[39m
2026-02-07 23:14:20:1420 [31merror[39m: [31mRedis Client Error:[39m
2026-02-07 23:14:21:1421 [31merror[39m: [31mRedis Client Error:[39m
2026-02-07 23:14:22:1422 [31merror[39m: [31mRedis Client Error:[39m
2026-02-07 23:14:22:1422 [31merror[39m: [31mRedis Client Error:[39m
2026-02-07 23:14:23:1423 [31merror[39m: [31mRedis Client Error:[39m
2026-02-07 23:14:24:1424 [31merror[39m: [31mRedis Client Error:[39m
2026-02-07 23:14:24:1424 [31merror[39m: [31mRedis Client Error:[39m
2026-02-07 23:14:25:1425 [31merror[39m: [31mRedis Client Error:[39m
2026-02-07 23:14:26:1426 [31merror[39m: [31mRedis Client Error:[39m
2026-02-07 23:14:27:1427 [31merror[39m: [31mRedis Client Error:[39m
2026-02-07 23:14:28:1428 [31merror[39m: [31mRedis Client Error:[39m
2026-02-07 23:14:29:1429 [31merror[39m: [31mRedis Client Error:[39m
2026-02-07 23:14:30:1430 [31merror[39m: [31mRedis Client Error:[39m
2026-02-07 23:14:31:1431 [31merror[39m: [31mRedis Client Error:[39m
2026-02-07 23:14:32:1432 [31merror[39m: [31mRedis Client Error:[39m
2026-02-07 23:14:33:1433 [31merror[39m: [31mRedis Client Error:[39m
2026-02-07 23:14:34:1434 [31merror[39m: [31mRedis Client Error:[39m
2026-02-07 23:14:35:1435 [31merror[39m: [31mRedis Client Error:[39m
2026-02-07 23:14:36:1436 [31merror[39m: [31mRedis Client Error:[39m
2026-02-07 23:14:37:1437 [31merror[39m: [31mRedis Client Error:[39m
2026-02-07 23:14:38:1438 [31merror[39m: [31mRedis Client Error:[39m
2026-02-07 23:14:39:1439 [31merror[39m: [31mRedis Client Error:[39m
2026-02-07 23:14:40:1440 [31merror[39m: [31mRedis Client Error:[39m
2026-02-07 23:14:41:1441 [31merror[39m: [31mRedis Client Error:[39m
2026-02-07 23:14:42:1442 [31merror[39m: [31mRedis Client Error:[39m
2026-02-07 23:14:43:1443 [31merror[39m: [31mRedis Client Error:[39m
2026-02-07 23:14:44:1444 [31merror[39m: [31mRedis Client Error:[39m
2026-02-07 23:14:45:1445 [31merror[39m: [31mRedis Client Error:[39m
2026-02-07 23:14:46:1446 [31merror[39m: [31mRedis Client Error:[39m
2026-02-07 23:14:47:1447 [31merror[39m: [31mRedis Client Error:[39m
2026-02-07 23:14:48:1448 [31merror[39m: [31mRedis Client Error:[39m
2026-02-07 23:14:49:1449 [31merror[39m: [31mRedis Client Error:[39m
2026-02-07 23:14:50:1450 [31merror[39m: [31mRedis Client Error:[39m
2026-02-07 23:14:51:1451 [31merror[39m: [31mRedis Client Error:[39m
2026-02-07 23:14:52:1452 [31merror[39m: [31mRedis Client Error:[39m
2026-02-07 23:19:39:1939 [31merror[39m: [31mUncaught Exception: listen EADDRINUSE: address already in use :::5000[39m
2026-02-08 00:01:30:130 [31merror[39m: [31mRedis Client Error:[39m
2026-02-08 00:01:30:130 [31merror[39m: [31mRedis Client Error:[39m
2026-02-08 00:01:30:130 [31merror[39m: [31mRedis Client Error:[39m
2026-02-08 00:01:31:131 [31merror[39m: [31mRedis Client Error:[39m
2026-02-08 00:01:33:133 [31merror[39m: [31mRedis Client Error:[39m
2026-02-08 00:01:35:135 [31merror[39m: [31mRedis Client Error:[39m
2026-02-08 00:01:38:138 [31merror[39m: [31mRedis Client Error:[39m
2026-02-08 00:01:41:141 [31merror[39m: [31mRedis Client Error:[39m
2026-02-08 00:01:44:144 [31merror[39m: [31mRedis Client Error:[39m
2026-02-08 00:01:48:148 [31merror[39m: [31mRedis Client Error:[39m
2026-02-08 00:11:25:1125 [31merror[39m: [31mRedis Client Error:[39m
2026-02-08 00:11:25:1125 [31merror[39m: [31mRedis Client Error:[39m
2026-02-08 00:11:26:1126 [31merror[39m: [31mRedis Client Error:[39m
2026-02-08 00:11:27:1127 [31merror[39m: [31mRedis Client Error:[39m
2026-02-08 00:11:28:1128 [31merror[39m: [31mRedis Client Error:[39m
2026-02-08 00:11:30:1130 [31merror[39m: [31mRedis Client Error:[39m
2026-02-08 00:11:33:1133 [31merror[39m: [31mRedis Client Error:[39m
2026-02-08 00:11:36:1136 [31merror[39m: [31mRedis Client Error:[39m
2026-02-08 00:11:39:1139 [31merror[39m: [31mRedis Client Error:[39m
2026-02-08 00:11:43:1143 [31merror[39m: [31mRedis Client Error:[39m
2026-02-08 00:11:48:1148 [31merror[39m: [31mRedis Client Error:[39m
2026-02-08 00:11:53:1153 [31merror[39m: [31mRedis Client Error:[39m
2026-02-08 00:26:38:2638 [31merror[39m: [31mRedis Client Error:[39m
2026-02-08 00:26:38:2638 [31merror[39m: [31mRedis Client Error:[39m
2026-02-08 00:26:38:2638 [31merror[39m: [31mRedis Client Error:[39m
2026-02-08 00:26:39:2639 [31merror[39m: [31mRedis Client Error:[39m
2026-02-08 00:26:41:2641 [31merror[39m: [31mRedis Client Error:[39m
2026-02-08 00:26:43:2643 [31merror[39m: [31mRedis Client Error:[39m
2026-02-08 00:26:45:2645 [31merror[39m: [31mRedis Client Error:[39m
2026-02-08 00:26:48:2648 [31merror[39m: [31mRedis Client Error:[39m
2026-02-08 00:26:52:2652 [31merror[39m: [31mRedis Client Error:[39m
2026-02-08 00:26:56:2656 [31merror[39m: [31mRedis Client Error:[39m
2026-02-08 00:27:00:270 [31merror[39m: [31mRedis Client Error:[39m
2026-02-08 00:27:05:275 [31merror[39m: [31mRedis Client Error:[39m
2026-02-08 00:27:05:275 [31merror[39m: [31mRedis connection failed:[39m
2026-02-19 19:52:22:5222 [31merror[39m: [31mDatabase connection failed: Could not connect to any servers in your MongoDB Atlas cluster. One common reason is that you're trying to access the database from an IP that isn't whitelisted. Make sure your current IP address is on your Atlas cluster's IP whitelist: https://www.mongodb.com/docs/atlas/security-whitelist/[39m
2026-02-20 11:01:39:139 [31merror[39m: [31mDatabase connection failed: queryTxt ESERVFAIL cluster0.ksak8ks.mongodb.net[39m
2026-02-20 11:09:06:96 [31merror[39m: [31mUncaught Exception: listen EADDRINUSE: address already in use :::5000[39m
2026-02-20 11:13:58:1358 [31merror[39m: [31mDatabase connection failed: queryTxt ESERVFAIL cluster0.ksak8ks.mongodb.net[39m
2026-02-20 11:20:14:2014 [31merror[39m: [31mUncaught Exception: listen EADDRINUSE: address already in use :::5001[39m
2026-02-20 11:20:32:2032 [31merror[39m: [31mUncaught Exception: listen EADDRINUSE: address already in use :::5001[39m
2026-02-20 11:27:48:2748 [31merror[39m: [31mDatabase connection failed: queryTxt ESERVFAIL cluster0.ksak8ks.mongodb.net[39m
2026-02-20 11:28:35:2835 [31merror[39m: [31mUncaught Exception: listen EADDRINUSE: address already in use :::5001[39m
2026-02-20 15:16:44:1644 [31merror[39m: [31mDatabase connection failed: querySrv ESERVFAIL _mongodb._tcp.cluster0.ksak8ks.mongodb.net[39m
2026-02-20 15:16:44:1644 [31merror[39m: [31mDatabase connection failed: querySrv ESERVFAIL _mongodb._tcp.cluster0.ksak8ks.mongodb.net[39m
2026-02-20 15:20:30:2030 [31merror[39m: [31mDatabase connection failed: queryTxt ESERVFAIL cluster0.ksak8ks.mongodb.net[39m
2026-02-20 15:20:57:2057 [31merror[39m: [31mUncaught Exception: listen EADDRINUSE: address already in use :::5001[39m
2026-02-20 15:22:06:226 [31merror[39m: [31mUncaught Exception: listen EADDRINUSE: address already in use :::5001[39m
2026-02-20 15:27:16:2716 [31merror[39m: [31mDatabase connection failed: queryTxt ESERVFAIL cluster0.ksak8ks.mongodb.net[39m
2026-02-20 15:27:16:2716 [31merror[39m: [31mDatabase connection failed: queryTxt ESERVFAIL cluster0.ksak8ks.mongodb.net[39m
2026-02-20 15:28:47:2847 [31merror[39m: [31mDatabase connection failed: Could not connect to any servers in your MongoDB Atlas cluster. One common reason is that you're trying to access the database from an IP that isn't whitelisted. Make sure your current IP address is on your Atlas cluster's IP whitelist: https://www.mongodb.com/docs/atlas/security-whitelist/[39m
2026-02-20 15:29:26:2926 [31merror[39m: [31mDatabase connection failed: Could not connect to any servers in your MongoDB Atlas cluster. One common reason is that you're trying to access the database from an IP that isn't whitelisted. Make sure your current IP address is on your Atlas cluster's IP whitelist: https://www.mongodb.com/docs/atlas/security-whitelist/[39m
2026-02-20 15:29:26:2926 [31merror[39m: [31mDatabase connection failed: Could not connect to any servers in your MongoDB Atlas cluster. One common reason is that you're trying to access the database from an IP that isn't whitelisted. Make sure your current IP address is on your Atlas cluster's IP whitelist: https://www.mongodb.com/docs/atlas/security-whitelist/[39m
2026-02-20 15:39:16:3916 [31merror[39m: [31mUncaught Exception: listen EADDRINUSE: address already in use :::5001[39m
2026-02-20 15:40:51:4051 [31merror[39m: [31mDatabase connection failed: querySrv ESERVFAIL _mongodb._tcp.cluster0.ksak8ks.mongodb.net[39m
2026-02-20 15:40:51:4051 [31merror[39m: [31mDatabase connection failed: querySrv ESERVFAIL _mongodb._tcp.cluster0.ksak8ks.mongodb.net[39m
2026-02-20 15:59:32:5932 [31merror[39m: [31mUncaught Exception: listen EADDRINUSE: address already in use :::5001[39m
2026-02-20 16:00:31:031 [31merror[39m: [31mUncaught Exception: listen EADDRINUSE: address already in use :::5001[39m
2026-02-20 16:01:24:124 [31merror[39m: [31mUncaught Exception: listen EADDRINUSE: address already in use :::5001[39m
2026-02-20 16:02:06:26 [31merror[39m: [31mUncaught Exception: listen EADDRINUSE: address already in use :::5001[39m
2026-02-27 16:24:57:2457 [31merror[39m: [31mDatabase connection failed: queryTxt ESERVFAIL cluster0.ksak8ks.mongodb.net[39m
2026-02-27 16:57:06:576 [31merror[39m: [31mDatabase connection failed: queryTxt ESERVFAIL cluster0.ksak8ks.mongodb.net[39m
2026-02-27 16:58:11:5811 [31merror[39m: [31mDatabase connection failed: getaddrinfo ENOTFOUND ac-ldiwg5m-shard-00-01.ksak8ks.mongodb.net[39m
2026-02-27 17:07:59:759 [31merror[39m: [31mUncaught Exception: listen EADDRINUSE: address already in use :::5001[39m
2026-02-27 17:54:31:5431 [31merror[39m: [31mDatabase connection failed: querySrv ESERVFAIL _mongodb._tcp.cluster0.ksak8ks.mongodb.net[39m
2026-02-27 17:54:31:5431 [31merror[39m: [31mDatabase connection failed: querySrv ESERVFAIL _mongodb._tcp.cluster0.ksak8ks.mongodb.net[39m
2026-02-27 17:55:00:550 [31merror[39m: [31mDatabase connection failed: querySrv ESERVFAIL _mongodb._tcp.cluster0.ksak8ks.mongodb.net[39m
2026-02-27 17:55:00:550 [31merror[39m: [31mDatabase connection failed: querySrv ESERVFAIL _mongodb._tcp.cluster0.ksak8ks.mongodb.net[39m
2026-02-27 17:56:14:5614 [31merror[39m: [31mUncaught Exception: listen EADDRINUSE: address already in use :::5001[39m
2026-02-27 17:58:07:587 [31merror[39m: [31mDatabase connection failed: queryTxt ESERVFAIL cluster0.ksak8ks.mongodb.net[39m
2026-02-27 18:24:29:2429 [31merror[39m: [31mUncaught Exception: listen EADDRINUSE: address already in use :::5001[39m
2026-02-27 18:28:42:2842 [31merror[39m: [31mDatabase connection failed: querySrv ESERVFAIL _mongodb._tcp.cluster0.ksak8ks.mongodb.net[39m
2026-02-27 18:35:30:3530 [31merror[39m: [31mDatabase connection failed: querySrv ESERVFAIL _mongodb._tcp.cluster0.ksak8ks.mongodb.net[39m
2026-02-27 18:38:36:3836 [31merror[39m: [31mUncaught Exception: listen EADDRINUSE: address already in use :::5001[39m
2026-02-27 18:40:54:4054 [31merror[39m: [31mUncaught Exception: listen EADDRINUSE: address already in use :::5001[39m
2026-02-27 18:51:01:511 [31merror[39m: [31mUncaught Exception: listen EADDRINUSE: address already in use :::5001[39m
2026-02-27 18:51:39:5139 [31merror[39m: [31mUncaught Exception: listen EADDRINUSE: address already in use :::5001[39m
2026-02-27 22:05:42:542 [31merror[39m: [31mDatabase connection failed: querySrv ECONNREFUSED _mongodb._tcp.cluster0.ksak8ks.mongodb.net[39m
2026-03-01 22:15:18:1518 [31merror[39m: [31mDatabase connection failed: queryTxt ESERVFAIL cluster0.ksak8ks.mongodb.net[39m
2026-03-01 22:16:46:1646 [31merror[39m: [31mDatabase connection failed: querySrv ESERVFAIL _mongodb._tcp.cluster0.ksak8ks.mongodb.net[39m
2026-03-02 00:20:20:2020 [31merror[39m: [31mUncaught Exception: listen EADDRINUSE: address already in use :::5001[39m
2026-03-02 00:20:33:2033 [31merror[39m: [31mUncaught Exception: listen EADDRINUSE: address already in use :::5001[39m
2026-03-02 01:24:24:2424 [31merror[39m: [31mUncaught Exception: listen EADDRINUSE: address already in use :::5001[39m
2026-03-02 01:25:16:2516 [31merror[39m: [31mUncaught Exception: listen EADDRINUSE: address already in use :::5001[39m
2026-03-02 01:26:05:265 [31merror[39m: [31mUncaught Exception: listen EADDRINUSE: address already in use :::5001[39m
2026-03-02 01:26:23:2623 [31merror[39m: [31mUncaught Exception: listen EADDRINUSE: address already in use :::5001[39m
2026-03-02 01:38:31:3831 [31merror[39m: [31mUncaught Exception: listen EADDRINUSE: address already in use :::5001[39m
2026-03-02 01:38:49:3849 [31merror[39m: [31mUncaught Exception: listen EADDRINUSE: address already in use :::5001[39m
2026-03-02 01:54:24:5424 [31merror[39m: [31mUncaught Exception: listen EADDRINUSE: address already in use :::5001[39m
2026-03-02 01:54:48:5448 [31merror[39m: [31mUncaught Exception: listen EADDRINUSE: address already in use :::5001[39m
2026-03-02 01:55:29:5529 [31merror[39m: [31mFailed to save notification for user [object Object]: Cannot read properties of undefined (reading 'title')[39m
2026-03-02 11:43:42:4342 [31merror[39m: [31mFailed to save notification for user [object Object]: Cannot read properties of undefined (reading 'title')[39m
2026-03-03 13:24:32:2432 [31merror[39m: [31mDatabase connection failed: querySrv ESERVFAIL _mongodb._tcp.cluster0.ksak8ks.mongodb.net[39m
2026-03-03 14:16:16:1616 [31merror[39m: [31mDatabase connection failed: querySrv ESERVFAIL _mongodb._tcp.cluster0.ksak8ks.mongodb.net[39m
2026-03-03 14:22:59:2259 [31merror[39m: [31mDatabase connection failed: querySrv ESERVFAIL _mongodb._tcp.cluster0.ksak8ks.mongodb.net[39m
2026-03-03 14:38:09:389 [31merror[39m: [31mDatabase connection failed: querySrv ESERVFAIL _mongodb._tcp.cluster0.ksak8ks.mongodb.net[39m
